  [1m[36m (11.6ms)[0m  [1mCREATE TABLE "schema_migrations" ("version" varchar NOT NULL) [0m
  [1m[35m (0.1ms)[0m  select sqlite_version(*)
  [1m[36m (9.6ms)[0m  [1mCREATE UNIQUE INDEX "unique_schema_migrations" ON "schema_migrations" ("version")[0m
  [1m[35mActiveRecord::SchemaMigration Load (0.1ms)[0m  SELECT "schema_migrations".* FROM "schema_migrations"
Migrating to CreateFilmTable (20150805201945)
  [1m[36m (0.0ms)[0m  [1mbegin transaction[0m
  [1m[35m (0.3ms)[0m  CREATE TABLE "films" ("id" INTEGER PRIMARY KEY AUTOINCREMENT NOT NULL, "titre" varchar, "code_embed" text, "realisateur1" varchar, "realisateur2" varchar, "chef_operateur" varchar, "avec1" varchar, "avec2" varchar, "annee" varchar) 
  [1m[36mSQL (0.2ms)[0m  [1mINSERT INTO "schema_migrations" ("version") VALUES (?)[0m  [["version", "20150805201945"]]
  [1m[35m (11.0ms)[0m  commit transaction
  [1m[36mActiveRecord::SchemaMigration Load (0.1ms)[0m  [1mSELECT "schema_migrations".* FROM "schema_migrations"[0m


Started GET "/" for 127.0.0.1 at 2015-08-09 14:31:25 +0200
  [1m[36mActiveRecord::SchemaMigration Load (0.1ms)[0m  [1mSELECT "schema_migrations".* FROM "schema_migrations"[0m
Processing by Rails::WelcomeController#index as HTML
  Rendered /home/remy/.rvm/gems/ruby-2.2.2@etemeurtrier/gems/railties-4.2.3/lib/rails/templates/rails/welcome/index.html.erb (1.4ms)
Completed 200 OK in 46ms (Views: 25.0ms | ActiveRecord: 0.0ms)


Started GET "/" for 127.0.0.1 at 2015-08-09 14:35:32 +0200
  [1m[36mActiveRecord::SchemaMigration Load (0.1ms)[0m  [1mSELECT "schema_migrations".* FROM "schema_migrations"[0m
Processing by FilmsController#index as HTML
  [1m[35mFilm Load (0.1ms)[0m  SELECT "films".* FROM "films"
  Rendered films/index.html.erb within layouts/application (1.6ms)
Completed 500 Internal Server Error in 116ms (ActiveRecord: 0.2ms)

ActionView::Template::Error (Invalid CSS after "	}": expected "}", was ""):
    4:   <title>Etemeurtrier</title>
    5: 	<meta content="True" name="HandheldFriendly">
    6: 	<meta name="viewport" content="width=device-width, initial-scale=1.0, maximum-scale=1.0, user-scalable=0">
    7:   <%= stylesheet_link_tag    'application', media: 'all', 'data-turbolinks-track' => true %>
    8:   <%= javascript_include_tag 'application', 'data-turbolinks-track' => true %>
    9:   <%= csrf_meta_tags %>
   10:   <link href='https://fonts.googleapis.com/css?family=Cutive+Mono' rel='stylesheet' type='text/css'>
  app/assets/stylesheets/style.scss:118
  app/views/layouts/application.html.erb:7:in `_app_views_layouts_application_html_erb___310278381420030913_41618420'


  Rendered /home/remy/.rvm/gems/ruby-2.2.2@etemeurtrier/gems/actionpack-4.2.3/lib/action_dispatch/middleware/templates/rescues/_source.erb (9.3ms)
  Rendered /home/remy/.rvm/gems/ruby-2.2.2@etemeurtrier/gems/actionpack-4.2.3/lib/action_dispatch/middleware/templates/rescues/_trace.html.erb (4.8ms)
  Rendered /home/remy/.rvm/gems/ruby-2.2.2@etemeurtrier/gems/actionpack-4.2.3/lib/action_dispatch/middleware/templates/rescues/_request_and_response.html.erb (1.1ms)
  Rendered /home/remy/.rvm/gems/ruby-2.2.2@etemeurtrier/gems/actionpack-4.2.3/lib/action_dispatch/middleware/templates/rescues/template_error.html.erb within rescues/layout (32.3ms)
  Rendered /home/remy/.rvm/gems/ruby-2.2.2@etemeurtrier/gems/web-console-2.2.1/lib/web_console/templates/_markup.html.erb (0.2ms)
  Rendered /home/remy/.rvm/gems/ruby-2.2.2@etemeurtrier/gems/web-console-2.2.1/lib/web_console/templates/_inner_console_markup.html.erb within layouts/inlined_string (0.3ms)
  Rendered /home/remy/.rvm/gems/ruby-2.2.2@etemeurtrier/gems/web-console-2.2.1/lib/web_console/templates/_prompt_box_markup.html.erb within layouts/inlined_string (0.2ms)
  Rendered /home/remy/.rvm/gems/ruby-2.2.2@etemeurtrier/gems/web-console-2.2.1/lib/web_console/templates/style.css.erb within layouts/inlined_string (0.2ms)
  Rendered /home/remy/.rvm/gems/ruby-2.2.2@etemeurtrier/gems/web-console-2.2.1/lib/web_console/templates/console.js.erb within layouts/javascript (20.2ms)
  Rendered /home/remy/.rvm/gems/ruby-2.2.2@etemeurtrier/gems/web-console-2.2.1/lib/web_console/templates/main.js.erb within layouts/javascript (0.1ms)
  Rendered /home/remy/.rvm/gems/ruby-2.2.2@etemeurtrier/gems/web-console-2.2.1/lib/web_console/templates/error_page.js.erb within layouts/javascript (0.2ms)
  Rendered /home/remy/.rvm/gems/ruby-2.2.2@etemeurtrier/gems/web-console-2.2.1/lib/web_console/templates/index.html.erb (49.1ms)


Started GET "/" for 127.0.0.1 at 2015-08-09 14:36:34 +0200
Processing by FilmsController#index as HTML
  [1m[36mFilm Load (0.1ms)[0m  [1mSELECT "films".* FROM "films"[0m
  Rendered films/index.html.erb within layouts/application (0.8ms)
  Rendered layouts/_header.erb (0.3ms)
  Rendered layouts/_footer.erb (0.2ms)
Completed 200 OK in 606ms (Views: 606.1ms | ActiveRecord: 0.1ms)


Started GET "/assets/style.self-8da6e9092f391a5e880390be23acc1f712f66d1492e8ae0bab0b446279123322.css?body=1" for 127.0.0.1 at 2015-08-09 14:36:35 +0200


Started GET "/assets/application.self-e80e8f2318043e8af94dddc2adad5a4f09739a8ebb323b3ab31cd71d45fd9113.css?body=1" for 127.0.0.1 at 2015-08-09 14:36:35 +0200


Started GET "/assets/jquery.self-d03a5518f45df77341bdbe6201ba3bfa547ebba8ed64f0ea56bfa5f96ea7c074.js?body=1" for 127.0.0.1 at 2015-08-09 14:36:35 +0200


Started GET "/assets/turbolinks.self-c37727e9bd6b2735da5c311aa83fead54ed0be6cc8bd9a65309e9c5abe2cbfff.js?body=1" for 127.0.0.1 at 2015-08-09 14:36:35 +0200


Started GET "/assets/client.self-4433b5a4791e7b30560c838a90308883f0f7a06f7469c57da8c92c03bea7bc30.js?body=1" for 127.0.0.1 at 2015-08-09 14:36:35 +0200


Started GET "/assets/jquery_ujs.self-ca5248a2fad13d6bd58ea121318d642f195f0b2dd818b30615f785ff365e8d1f.js?body=1" for 127.0.0.1 at 2015-08-09 14:36:35 +0200


Started GET "/assets/application.self-3b8dabdc891efe46b9a144b400ad69e37d7e5876bdc39dee783419a69d7ca819.js?body=1" for 127.0.0.1 at 2015-08-09 14:36:35 +0200


Started GET "/static/js/client.js" for 127.0.0.1 at 2015-08-09 14:36:35 +0200

ActionController::RoutingError (No route matches [GET] "/static/js/client.js"):
  actionpack (4.2.3) lib/action_dispatch/middleware/debug_exceptions.rb:21:in `call'
  web-console (2.2.1) lib/web_console/middleware.rb:39:in `call'
  actionpack (4.2.3) lib/action_dispatch/middleware/show_exceptions.rb:30:in `call'
  railties (4.2.3) lib/rails/rack/logger.rb:38:in `call_app'
  railties (4.2.3) lib/rails/rack/logger.rb:20:in `block in call'
  activesupport (4.2.3) lib/active_support/tagged_logging.rb:68:in `block in tagged'
  activesupport (4.2.3) lib/active_support/tagged_logging.rb:26:in `tagged'
  activesupport (4.2.3) lib/active_support/tagged_logging.rb:68:in `tagged'
  railties (4.2.3) lib/rails/rack/logger.rb:20:in `call'
  actionpack (4.2.3) lib/action_dispatch/middleware/request_id.rb:21:in `call'
  rack (1.6.4) lib/rack/methodoverride.rb:22:in `call'
  rack (1.6.4) lib/rack/runtime.rb:18:in `call'
  activesupport (4.2.3) lib/active_support/cache/strategy/local_cache_middleware.rb:28:in `call'
  rack (1.6.4) lib/rack/lock.rb:17:in `call'
  actionpack (4.2.3) lib/action_dispatch/middleware/static.rb:116:in `call'
  rack (1.6.4) lib/rack/sendfile.rb:113:in `call'
  railties (4.2.3) lib/rails/engine.rb:518:in `call'
  railties (4.2.3) lib/rails/application.rb:165:in `call'
  rack (1.6.4) lib/rack/lock.rb:17:in `call'
  rack (1.6.4) lib/rack/content_length.rb:15:in `call'
  rack (1.6.4) lib/rack/handler/webrick.rb:88:in `service'
  /home/remy/.rvm/rubies/ruby-2.2.2/lib/ruby/2.2.0/webrick/httpserver.rb:138:in `service'
  /home/remy/.rvm/rubies/ruby-2.2.2/lib/ruby/2.2.0/webrick/httpserver.rb:94:in `run'
  /home/remy/.rvm/rubies/ruby-2.2.2/lib/ruby/2.2.0/webrick/server.rb:294:in `block in start_thread'


  Rendered /home/remy/.rvm/gems/ruby-2.2.2@etemeurtrier/gems/actionpack-4.2.3/lib/action_dispatch/middleware/templates/rescues/_trace.html.erb (1.6ms)
  Rendered /home/remy/.rvm/gems/ruby-2.2.2@etemeurtrier/gems/actionpack-4.2.3/lib/action_dispatch/middleware/templates/routes/_route.html.erb (0.9ms)
  Rendered /home/remy/.rvm/gems/ruby-2.2.2@etemeurtrier/gems/actionpack-4.2.3/lib/action_dispatch/middleware/templates/routes/_table.html.erb (36.7ms)
  Rendered /home/remy/.rvm/gems/ruby-2.2.2@etemeurtrier/gems/actionpack-4.2.3/lib/action_dispatch/middleware/templates/rescues/_request_and_response.html.erb (1.0ms)
  Rendered /home/remy/.rvm/gems/ruby-2.2.2@etemeurtrier/gems/actionpack-4.2.3/lib/action_dispatch/middleware/templates/rescues/routing_error.html.erb within rescues/layout (76.1ms)
  Rendered /home/remy/.rvm/gems/ruby-2.2.2@etemeurtrier/gems/web-console-2.2.1/lib/web_console/templates/_markup.html.erb (0.2ms)
  Rendered /home/remy/.rvm/gems/ruby-2.2.2@etemeurtrier/gems/web-console-2.2.1/lib/web_console/templates/_inner_console_markup.html.erb within layouts/inlined_string (0.2ms)
  Rendered /home/remy/.rvm/gems/ruby-2.2.2@etemeurtrier/gems/web-console-2.2.1/lib/web_console/templates/_prompt_box_markup.html.erb within layouts/inlined_string (0.6ms)
  Rendered /home/remy/.rvm/gems/ruby-2.2.2@etemeurtrier/gems/web-console-2.2.1/lib/web_console/templates/style.css.erb within layouts/inlined_string (0.2ms)
  Rendered /home/remy/.rvm/gems/ruby-2.2.2@etemeurtrier/gems/web-console-2.2.1/lib/web_console/templates/console.js.erb within layouts/javascript (11.9ms)
  Rendered /home/remy/.rvm/gems/ruby-2.2.2@etemeurtrier/gems/web-console-2.2.1/lib/web_console/templates/main.js.erb within layouts/javascript (0.2ms)
  Rendered /home/remy/.rvm/gems/ruby-2.2.2@etemeurtrier/gems/web-console-2.2.1/lib/web_console/templates/error_page.js.erb within layouts/javascript (0.4ms)
  Rendered /home/remy/.rvm/gems/ruby-2.2.2@etemeurtrier/gems/web-console-2.2.1/lib/web_console/templates/index.html.erb (23.8ms)


Started GET "/static/js/client.js" for 127.0.0.1 at 2015-08-09 14:36:35 +0200

ActionController::RoutingError (No route matches [GET] "/static/js/client.js"):
  actionpack (4.2.3) lib/action_dispatch/middleware/debug_exceptions.rb:21:in `call'
  web-console (2.2.1) lib/web_console/middleware.rb:39:in `call'
  actionpack (4.2.3) lib/action_dispatch/middleware/show_exceptions.rb:30:in `call'
  railties (4.2.3) lib/rails/rack/logger.rb:38:in `call_app'
  railties (4.2.3) lib/rails/rack/logger.rb:20:in `block in call'
  activesupport (4.2.3) lib/active_support/tagged_logging.rb:68:in `block in tagged'
  activesupport (4.2.3) lib/active_support/tagged_logging.rb:26:in `tagged'
  activesupport (4.2.3) lib/active_support/tagged_logging.rb:68:in `tagged'
  railties (4.2.3) lib/rails/rack/logger.rb:20:in `call'
  actionpack (4.2.3) lib/action_dispatch/middleware/request_id.rb:21:in `call'
  rack (1.6.4) lib/rack/methodoverride.rb:22:in `call'
  rack (1.6.4) lib/rack/runtime.rb:18:in `call'
  activesupport (4.2.3) lib/active_support/cache/strategy/local_cache_middleware.rb:28:in `call'
  rack (1.6.4) lib/rack/lock.rb:17:in `call'
  actionpack (4.2.3) lib/action_dispatch/middleware/static.rb:116:in `call'
  rack (1.6.4) lib/rack/sendfile.rb:113:in `call'
  railties (4.2.3) lib/rails/engine.rb:518:in `call'
  railties (4.2.3) lib/rails/application.rb:165:in `call'
  rack (1.6.4) lib/rack/lock.rb:17:in `call'
  rack (1.6.4) lib/rack/content_length.rb:15:in `call'
  rack (1.6.4) lib/rack/handler/webrick.rb:88:in `service'
  /home/remy/.rvm/rubies/ruby-2.2.2/lib/ruby/2.2.0/webrick/httpserver.rb:138:in `service'
  /home/remy/.rvm/rubies/ruby-2.2.2/lib/ruby/2.2.0/webrick/httpserver.rb:94:in `run'
  /home/remy/.rvm/rubies/ruby-2.2.2/lib/ruby/2.2.0/webrick/server.rb:294:in `block in start_thread'


  Rendered /home/remy/.rvm/gems/ruby-2.2.2@etemeurtrier/gems/actionpack-4.2.3/lib/action_dispatch/middleware/templates/rescues/_trace.html.erb (0.9ms)
  Rendered /home/remy/.rvm/gems/ruby-2.2.2@etemeurtrier/gems/actionpack-4.2.3/lib/action_dispatch/middleware/templates/routes/_route.html.erb (0.4ms)
  Rendered /home/remy/.rvm/gems/ruby-2.2.2@etemeurtrier/gems/actionpack-4.2.3/lib/action_dispatch/middleware/templates/routes/_table.html.erb (0.7ms)
  Rendered /home/remy/.rvm/gems/ruby-2.2.2@etemeurtrier/gems/actionpack-4.2.3/lib/action_dispatch/middleware/templates/rescues/_request_and_response.html.erb (0.7ms)
  Rendered /home/remy/.rvm/gems/ruby-2.2.2@etemeurtrier/gems/actionpack-4.2.3/lib/action_dispatch/middleware/templates/rescues/routing_error.html.erb within rescues/layout (14.4ms)
  Rendered /home/remy/.rvm/gems/ruby-2.2.2@etemeurtrier/gems/web-console-2.2.1/lib/web_console/templates/_markup.html.erb (0.2ms)
  Rendered /home/remy/.rvm/gems/ruby-2.2.2@etemeurtrier/gems/web-console-2.2.1/lib/web_console/templates/_inner_console_markup.html.erb within layouts/inlined_string (0.2ms)
  Rendered /home/remy/.rvm/gems/ruby-2.2.2@etemeurtrier/gems/web-console-2.2.1/lib/web_console/templates/_prompt_box_markup.html.erb within layouts/inlined_string (0.2ms)
  Rendered /home/remy/.rvm/gems/ruby-2.2.2@etemeurtrier/gems/web-console-2.2.1/lib/web_console/templates/style.css.erb within layouts/inlined_string (0.2ms)
  Rendered /home/remy/.rvm/gems/ruby-2.2.2@etemeurtrier/gems/web-console-2.2.1/lib/web_console/templates/console.js.erb within layouts/javascript (10.7ms)
  Rendered /home/remy/.rvm/gems/ruby-2.2.2@etemeurtrier/gems/web-console-2.2.1/lib/web_console/templates/main.js.erb within layouts/javascript (0.1ms)
  Rendered /home/remy/.rvm/gems/ruby-2.2.2@etemeurtrier/gems/web-console-2.2.1/lib/web_console/templates/error_page.js.erb within layouts/javascript (0.4ms)
  Rendered /home/remy/.rvm/gems/ruby-2.2.2@etemeurtrier/gems/web-console-2.2.1/lib/web_console/templates/index.html.erb (21.4ms)
